<?xml version="1.0" encoding="UTF-8"?>
<!-- Generated by org.testng.reporters.JUnitReportReporter -->
<testsuite hostname="DESKTOP-DS776G2" failures="0" tests="1" name="com.selenium.othoba.Login" time="54.685" errors="0" timestamp="2024-05-13T15:40:22 BDT" skipped="0">
  <testcase classname="com.selenium.othoba.Login" name="LoginTest" time="54.685"/>
  <system-out/>
</testsuite> <!-- com.selenium.othoba.Login -->
